<?xml version="1.0" encoding="UTF-8"?>
<!-- Generated by org.testng.reporters.JUnitXMLReporter -->
<testsuite ignored="0" hostname="serahate-4S6RKN3" failures="0" tests="1" name="ChromeDriverTest" time="0.17" errors="0" timestamp="2024-01-21T15:33:53 IST">
  <testcase classname="com.SngGrs.TestClasses.TestBaseClass" name="@BeforeMethod setUp" time="0.109">
    <failure type="org.openqa.selenium.remote.NoSuchDriverException" message="chromedriver located at ./drivers/C:\Users\Shubham\Desktop\Google Chrome.lnk, but invalid
For documentation on this error, please visit: https://www.selenium.dev/documentation/webdriver/troubleshooting/errors/driver_location/
Build info: version: &amp;apos;4.11.0&amp;apos;, revision: &amp;apos;040bc5406b&amp;apos;
System info: os.name: &amp;apos;Windows 10&amp;apos;, os.arch: &amp;apos;amd64&amp;apos;, os.version: &amp;apos;10.0&amp;apos;, java.version: &amp;apos;17.0.1&amp;apos;
Driver info: driver.version: ChromeDriver">
      <![CDATA[org.openqa.selenium.remote.NoSuchDriverException: chromedriver located at ./drivers/C:\Users\Shubham\Desktop\Google Chrome.lnk, but invalid
For documentation on this error, please visit: https://www.selenium.dev/documentation/webdriver/troubleshooting/errors/driver_location/
Build info: version: '4.11.0', revision: '040bc5406b'
System info: os.name: 'Windows 10', os.arch: 'amd64', os.version: '10.0', java.version: '17.0.1'
Driver info: driver.version: ChromeDriver
at org.openqa.selenium.remote.service.DriverFinder.getPath(DriverFinder.java:45)
at org.openqa.selenium.remote.service.DriverFinder.getPath(DriverFinder.java:13)
at org.openqa.selenium.chrome.ChromeDriver.generateExecutor(ChromeDriver.java:99)
at org.openqa.selenium.chrome.ChromeDriver.<init>(ChromeDriver.java:88)
at org.openqa.selenium.chrome.ChromeDriver.<init>(ChromeDriver.java:83)
at org.openqa.selenium.chrome.ChromeDriver.<init>(ChromeDriver.java:51)
at com.SngGrs.TestClasses.TestBaseClass.setUp(TestBaseClass.java:37)
at java.base/java.util.ArrayList.forEach(ArrayList.java:1511)
... Removed 31 stack frames]]>
    </failure>
  </testcase> <!-- @BeforeMethod setUp -->
  <testcase classname="com.SngGrs.TestClasses.TestBaseClass" name="@AfterMethod tesrDown" time="0.0">
    <skipped/>
  </testcase> <!-- @AfterMethod tesrDown -->
  <testcase classname="com.SngGrs.TestClasses.TC01LoginFunctionality" name="loginFunctionalityTest" time="0.0">
    <skipped/>
  </testcase> <!-- loginFunctionalityTest -->
</testsuite> <!-- ChromeDriverTest -->
