<?xml version="1.0" encoding="UTF-8"?>
<!-- Generated by org.testng.reporters.JUnitXMLReporter -->
<testsuite ignored="0" hostname="serahate-4S6RKN3" failures="0" tests="1" name="Test" time="0.065" errors="0" timestamp="2024-01-21T15:29:26 IST">
  <testcase classname="com.SngGrs.TestClasses.TestBaseClass" name="@BeforeMethod setUp" time="-1.705831166109E9">
    <failure type="org.testng.TestNGException" message="
Parameter &amp;apos;browserName&amp;apos; is required by BeforeMethod on method setUp but has not been marked @Optional or defined
in C:\Users\Shubham\eclipse-workspace\SnbGrsPortalTestingv1\testng.xml">
      <![CDATA[org.testng.TestNGException: 
Parameter 'browserName' is required by BeforeMethod on method setUp but has not been marked @Optional or defined
in C:\Users\Shubham\eclipse-workspace\SnbGrsPortalTestingv1\testng.xml
at java.base/java.util.ArrayList.forEach(ArrayList.java:1511)
... Removed 28 stack frames]]>
    </failure>
  </testcase> <!-- @BeforeMethod setUp -->
  <testcase classname="com.SngGrs.TestClasses.TestBaseClass" name="@AfterMethod tesrDown" time="0.0">
    <skipped/>
  </testcase> <!-- @AfterMethod tesrDown -->
  <testcase classname="com.SngGrs.TestClasses.TC01LoginFunctionality" name="loginFunctionalityTest" time="0.0">
    <skipped/>
  </testcase> <!-- loginFunctionalityTest -->
</testsuite> <!-- Test -->
